<?xml version="1.0" encoding="UTF-8"?>
<coverage generated="1771614371808" clover="3.2.0">
  <project timestamp="1771614371808" name="All files">
    <metrics statements="131" coveredstatements="101" conditionals="48" coveredconditionals="34" methods="47" coveredmethods="42" elements="226" coveredelements="177" complexity="0" loc="131" ncloc="131" packages="9" files="14" classes="14"/>
    <package name="src">
      <metrics statements="10" coveredstatements="10" conditionals="0" coveredconditionals="0" methods="8" coveredmethods="8"/>
      <file name="App.module.scss" path="D:\Programms\interactive-workspace\src\App.module.scss">
        <metrics statements="0" coveredstatements="0" conditionals="0" coveredconditionals="0" methods="0" coveredmethods="0"/>
      </file>
      <file name="App.tsx" path="D:\Programms\interactive-workspace\src\App.tsx">
        <metrics statements="10" coveredstatements="10" conditionals="0" coveredconditionals="0" methods="8" coveredmethods="8"/>
        <line num="9" count="3" type="stmt"/>
        <line num="10" count="3" type="stmt"/>
        <line num="11" count="3" type="stmt"/>
        <line num="13" count="3" type="stmt"/>
        <line num="14" count="3" type="stmt"/>
        <line num="17" count="3" type="stmt"/>
        <line num="18" count="3" type="stmt"/>
        <line num="19" count="1" type="stmt"/>
        <line num="22" count="3" type="stmt"/>
        <line num="25" count="3" type="stmt"/>
      </file>
    </package>
    <package name="src.components.InfoPanel">
      <metrics statements="12" coveredstatements="11" conditionals="8" coveredconditionals="5" methods="4" coveredmethods="4"/>
      <file name="InfoPanel.module.scss" path="D:\Programms\interactive-workspace\src\components\InfoPanel\InfoPanel.module.scss">
        <metrics statements="0" coveredstatements="0" conditionals="0" coveredconditionals="0" methods="0" coveredmethods="0"/>
      </file>
      <file name="InfoPanel.tsx" path="D:\Programms\interactive-workspace\src\components\InfoPanel\InfoPanel.tsx">
        <metrics statements="12" coveredstatements="11" conditionals="8" coveredconditionals="5" methods="4" coveredmethods="4"/>
        <line num="7" count="2" type="stmt"/>
        <line num="8" count="8" type="stmt"/>
        <line num="9" count="20" type="stmt"/>
        <line num="11" count="8" type="stmt"/>
        <line num="12" count="1" type="stmt"/>
        <line num="15" count="8" type="stmt"/>
        <line num="16" count="1" type="cond" truecount="1" falsecount="1"/>
        <line num="19" count="1" type="cond" truecount="1" falsecount="1"/>
        <line num="20" count="0" type="stmt"/>
        <line num="22" count="1" type="stmt"/>
        <line num="25" count="1" type="stmt"/>
        <line num="28" count="8" type="stmt"/>
      </file>
    </package>
    <package name="src.components.ObjectItem">
      <metrics statements="60" coveredstatements="35" conditionals="16" coveredconditionals="10" methods="11" coveredmethods="7"/>
      <file name="ObjectItem.module.scss" path="D:\Programms\interactive-workspace\src\components\ObjectItem\ObjectItem.module.scss">
        <metrics statements="0" coveredstatements="0" conditionals="0" coveredconditionals="0" methods="0" coveredmethods="0"/>
      </file>
      <file name="ObjectItem.tsx" path="D:\Programms\interactive-workspace\src\components\ObjectItem\ObjectItem.tsx">
        <metrics statements="60" coveredstatements="35" conditionals="16" coveredconditionals="10" methods="11" coveredmethods="7"/>
        <line num="12" count="3" type="stmt"/>
        <line num="13" count="39" type="stmt"/>
        <line num="14" count="39" type="stmt"/>
        <line num="15" count="39" type="stmt"/>
        <line num="17" count="39" type="stmt"/>
        <line num="18" count="8" type="stmt"/>
        <line num="19" count="8" type="stmt"/>
        <line num="21" count="8" type="cond" truecount="2" falsecount="0"/>
        <line num="23" count="6" type="stmt"/>
        <line num="24" count="8" type="cond" truecount="1" falsecount="1"/>
        <line num="26" count="6" type="stmt"/>
        <line num="27" count="6" type="stmt"/>
        <line num="28" count="6" type="stmt"/>
        <line num="29" count="6" type="stmt"/>
        <line num="30" count="6" type="stmt"/>
        <line num="32" count="6" type="stmt"/>
        <line num="33" count="3" type="stmt"/>
        <line num="35" count="3" type="stmt"/>
        <line num="36" count="3" type="stmt"/>
        <line num="38" count="3" type="stmt"/>
        <line num="39" count="3" type="stmt"/>
        <line num="41" count="3" type="stmt"/>
        <line num="42" count="3" type="stmt"/>
        <line num="45" count="6" type="stmt"/>
        <line num="46" count="6" type="stmt"/>
        <line num="47" count="6" type="stmt"/>
        <line num="48" count="6" type="stmt"/>
        <line num="51" count="6" type="stmt"/>
        <line num="52" count="6" type="stmt"/>
        <line num="55" count="39" type="stmt"/>
        <line num="56" count="0" type="stmt"/>
        <line num="58" count="0" type="cond" truecount="0" falsecount="2"/>
        <line num="60" count="0" type="stmt"/>
        <line num="61" count="0" type="cond" truecount="0" falsecount="2"/>
        <line num="63" count="0" type="stmt"/>
        <line num="64" count="0" type="stmt"/>
        <line num="65" count="0" type="stmt"/>
        <line num="66" count="0" type="stmt"/>
        <line num="67" count="0" type="stmt"/>
        <line num="68" count="0" type="stmt"/>
        <line num="70" count="0" type="stmt"/>
        <line num="71" count="0" type="stmt"/>
        <line num="72" count="0" type="stmt"/>
        <line num="73" count="0" type="stmt"/>
        <line num="74" count="0" type="stmt"/>
        <line num="75" count="0" type="stmt"/>
        <line num="76" count="0" type="stmt"/>
        <line num="77" count="0" type="stmt"/>
        <line num="78" count="0" type="stmt"/>
        <line num="81" count="0" type="stmt"/>
        <line num="82" count="0" type="stmt"/>
        <line num="83" count="0" type="stmt"/>
        <line num="84" count="0" type="stmt"/>
        <line num="87" count="0" type="stmt"/>
        <line num="88" count="0" type="stmt"/>
        <line num="91" count="39" type="stmt"/>
        <line num="92" count="8" type="cond" truecount="4" falsecount="0"/>
        <line num="93" count="3" type="stmt"/>
        <line num="97" count="39" type="stmt"/>
        <line num="103" count="39" type="stmt"/>
      </file>
    </package>
    <package name="src.components.UI.Button">
      <metrics statements="2" coveredstatements="2" conditionals="0" coveredconditionals="0" methods="1" coveredmethods="1"/>
      <file name="Button.module.scss" path="D:\Programms\interactive-workspace\src\components\UI\Button\Button.module.scss">
        <metrics statements="0" coveredstatements="0" conditionals="0" coveredconditionals="0" methods="0" coveredmethods="0"/>
      </file>
      <file name="Button.tsx" path="D:\Programms\interactive-workspace\src\components\UI\Button\Button.tsx">
        <metrics statements="2" coveredstatements="2" conditionals="0" coveredconditionals="0" methods="1" coveredmethods="1"/>
        <line num="8" count="3" type="stmt"/>
        <line num="9" count="19" type="stmt"/>
      </file>
    </package>
    <package name="src.components.Workspace">
      <metrics statements="8" coveredstatements="8" conditionals="0" coveredconditionals="0" methods="4" coveredmethods="4"/>
      <file name="Workspace.module.scss" path="D:\Programms\interactive-workspace\src\components\Workspace\Workspace.module.scss">
        <metrics statements="0" coveredstatements="0" conditionals="0" coveredconditionals="0" methods="0" coveredmethods="0"/>
      </file>
      <file name="Workspace.tsx" path="D:\Programms\interactive-workspace\src\components\Workspace\Workspace.tsx">
        <metrics statements="8" coveredstatements="8" conditionals="0" coveredconditionals="0" methods="4" coveredmethods="4"/>
        <line num="7" count="2" type="stmt"/>
        <line num="8" count="5" type="stmt"/>
        <line num="9" count="5" type="stmt"/>
        <line num="11" count="5" type="stmt"/>
        <line num="12" count="1" type="stmt"/>
        <line num="15" count="5" type="stmt"/>
        <line num="19" count="25" type="stmt"/>
        <line num="22" count="1" type="stmt"/>
      </file>
    </package>
    <package name="src.context">
      <metrics statements="1" coveredstatements="1" conditionals="0" coveredconditionals="0" methods="0" coveredmethods="0"/>
      <file name="WorkspaceContext.ts" path="D:\Programms\interactive-workspace\src\context\WorkspaceContext.ts">
        <metrics statements="1" coveredstatements="1" conditionals="0" coveredconditionals="0" methods="0" coveredmethods="0"/>
        <line num="8" count="3" type="stmt"/>
      </file>
    </package>
    <package name="src.data">
      <metrics statements="1" coveredstatements="1" conditionals="0" coveredconditionals="0" methods="0" coveredmethods="0"/>
      <file name="mockObjects.ts" path="D:\Programms\interactive-workspace\src\data\mockObjects.ts">
        <metrics statements="1" coveredstatements="1" conditionals="0" coveredconditionals="0" methods="0" coveredmethods="0"/>
        <line num="3" count="3" type="stmt"/>
      </file>
    </package>
    <package name="src.store">
      <metrics statements="25" coveredstatements="22" conditionals="22" coveredconditionals="17" methods="17" coveredmethods="16"/>
      <file name="useStore.ts" path="D:\Programms\interactive-workspace\src\store\useStore.ts">
        <metrics statements="25" coveredstatements="22" conditionals="22" coveredconditionals="17" methods="17" coveredmethods="16"/>
        <line num="6" count="1" type="cond" truecount="2" falsecount="0"/>
        <line num="8" count="1" type="stmt"/>
        <line num="11" count="1" type="stmt"/>
        <line num="14" count="4" type="stmt"/>
        <line num="15" count="4" type="cond" truecount="1" falsecount="1"/>
        <line num="16" count="0" type="stmt"/>
        <line num="18" count="0" type="cond" truecount="0" falsecount="2"/>
        <line num="22" count="6" type="stmt"/>
        <line num="23" count="4" type="cond" truecount="1" falsecount="1"/>
        <line num="24" count="4" type="cond" truecount="2" falsecount="0"/>
        <line num="25" count="3" type="cond" truecount="2" falsecount="0"/>
        <line num="26" count="1" type="stmt"/>
        <line num="28" count="5" type="cond" truecount="2" falsecount="0"/>
        <line num="32" count="2" type="stmt"/>
        <line num="34" count="10" type="cond" truecount="1" falsecount="1"/>
        <line num="35" count="0" type="stmt"/>
        <line num="37" count="10" type="cond" truecount="2" falsecount="0"/>
        <line num="38" count="2" type="stmt"/>
        <line num="40" count="8" type="stmt"/>
        <line num="46" count="1" type="stmt"/>
        <line num="48" count="5" type="cond" truecount="2" falsecount="0"/>
        <line num="53" count="2" type="stmt"/>
        <line num="55" count="10" type="cond" truecount="2" falsecount="0"/>
        <line num="60" count="1" type="stmt"/>
        <line num="61" count="5" type="stmt"/>
      </file>
    </package>
    <package name="src.utils">
      <metrics statements="12" coveredstatements="11" conditionals="2" coveredconditionals="2" methods="2" coveredmethods="2"/>
      <file name="storage.ts" path="D:\Programms\interactive-workspace\src\utils\storage.ts">
        <metrics statements="12" coveredstatements="11" conditionals="2" coveredconditionals="2" methods="2" coveredmethods="2"/>
        <line num="3" count="3" type="stmt"/>
        <line num="5" count="3" type="stmt"/>
        <line num="6" count="4" type="stmt"/>
        <line num="7" count="4" type="stmt"/>
        <line num="8" count="4" type="cond" truecount="2" falsecount="0"/>
        <line num="9" count="2" type="stmt"/>
        <line num="12" count="1" type="stmt"/>
        <line num="14" count="3" type="stmt"/>
        <line num="17" count="3" type="stmt"/>
        <line num="18" count="4" type="stmt"/>
        <line num="19" count="4" type="stmt"/>
        <line num="21" count="0" type="stmt"/>
      </file>
    </package>
  </project>
</coverage>
