{"D:\\Programms\\interactive-workspace\\src\\App.module.scss": {"path":"D:\\Programms\\interactive-workspace\\src\\App.module.scss","statementMap":{},"fnMap":{},"branchMap":{},"s":{},"f":{},"b":{},"meta":{"lastBranch":0,"lastFunction":0,"lastStatement":0,"seen":{}}}
,"D:\\Programms\\interactive-workspace\\src\\App.tsx": {"path":"D:\\Programms\\interactive-workspace\\src\\App.tsx","statementMap":{"0":{"start":{"line":9,"column":8},"end":{"line":9,"column":null}},"1":{"start":{"line":9,"column":38},"end":{"line":9,"column":51}},"2":{"start":{"line":10,"column":8},"end":{"line":10,"column":null}},"3":{"start":{"line":10,"column":43},"end":{"line":10,"column":61}},"4":{"start":{"line":11,"column":8},"end":{"line":11,"column":null}},"5":{"start":{"line":11,"column":49},"end":{"line":11,"column":73}},"6":{"start":{"line":14,"column":2},"end":{"line":16,"column":null}},"7":{"start":{"line":15,"column":4},"end":{"line":15,"column":null}},"8":{"start":{"line":18,"column":2},"end":{"line":24,"column":null}},"9":{"start":{"line":19,"column":23},"end":{"line":21,"column":null}},"10":{"start":{"line":20,"column":6},"end":{"line":20,"column":null}},"11":{"start":{"line":23,"column":4},"end":{"line":23,"column":null}},"12":{"start":{"line":23,"column":17},"end":{"line":23,"column":null}},"13":{"start":{"line":26,"column":2},"end":{"line":34,"column":null}}},"fnMap":{"0":{"name":"App","decl":{"start":{"line":8,"column":9},"end":{"line":8,"column":15}},"loc":{"start":{"line":8,"column":15},"end":{"line":36,"column":null}},"line":8},"1":{"name":"(anonymous_1)","decl":{"start":{"line":9,"column":27},"end":{"line":9,"column":28}},"loc":{"start":{"line":9,"column":38},"end":{"line":9,"column":51}},"line":9},"2":{"name":"(anonymous_2)","decl":{"start":{"line":10,"column":32},"end":{"line":10,"column":33}},"loc":{"start":{"line":10,"column":43},"end":{"line":10,"column":61}},"line":10},"3":{"name":"(anonymous_3)","decl":{"start":{"line":11,"column":38},"end":{"line":11,"column":39}},"loc":{"start":{"line":11,"column":49},"end":{"line":11,"column":73}},"line":11},"4":{"name":"(anonymous_4)","decl":{"start":{"line":14,"column":12},"end":{"line":14,"column":18}},"loc":{"start":{"line":14,"column":18},"end":{"line":16,"column":5}},"line":14},"5":{"name":"(anonymous_5)","decl":{"start":{"line":18,"column":12},"end":{"line":18,"column":18}},"loc":{"start":{"line":18,"column":18},"end":{"line":24,"column":5}},"line":18},"6":{"name":"(anonymous_6)","decl":{"start":{"line":19,"column":35},"end":{"line":19,"column":41}},"loc":{"start":{"line":19,"column":41},"end":{"line":21,"column":7}},"line":19},"7":{"name":"(anonymous_7)","decl":{"start":{"line":23,"column":11},"end":{"line":23,"column":17}},"loc":{"start":{"line":23,"column":17},"end":{"line":23,"column":null}},"line":23}},"branchMap":{},"s":{"0":3,"1":3,"2":3,"3":3,"4":3,"5":3,"6":3,"7":3,"8":3,"9":3,"10":1,"11":3,"12":3,"13":3},"f":{"0":3,"1":3,"2":3,"3":3,"4":3,"5":3,"6":1,"7":3},"b":{},"meta":{"lastBranch":0,"lastFunction":8,"lastStatement":14,"seen":{"f:8:9:8:15":0,"s:9:8:9:Infinity":0,"f:9:27:9:28":1,"s:9:38:9:51":1,"s:10:8:10:Infinity":2,"f:10:32:10:33":2,"s:10:43:10:61":3,"s:11:8:11:Infinity":4,"f:11:38:11:39":3,"s:11:49:11:73":5,"s:14:2:16:Infinity":6,"f:14:12:14:18":4,"s:15:4:15:Infinity":7,"s:18:2:24:Infinity":8,"f:18:12:18:18":5,"s:19:23:21:Infinity":9,"f:19:35:19:41":6,"s:20:6:20:Infinity":10,"s:23:4:23:Infinity":11,"f:23:11:23:17":7,"s:23:17:23:Infinity":12,"s:26:2:34:Infinity":13}}}
,"D:\\Programms\\interactive-workspace\\src\\components\\InfoPanel\\InfoPanel.module.scss": {"path":"D:\\Programms\\interactive-workspace\\src\\components\\InfoPanel\\InfoPanel.module.scss","statementMap":{},"fnMap":{},"branchMap":{},"s":{},"f":{},"b":{},"meta":{"lastBranch":0,"lastFunction":0,"lastStatement":0,"seen":{}}}
,"D:\\Programms\\interactive-workspace\\src\\components\\InfoPanel\\InfoPanel.tsx": {"path":"D:\\Programms\\interactive-workspace\\src\\components\\InfoPanel\\InfoPanel.tsx","statementMap":{"0":{"start":{"line":7,"column":35},"end":{"line":42,"column":null}},"1":{"start":{"line":8,"column":52},"end":{"line":8,"column":null}},"2":{"start":{"line":9,"column":23},"end":{"line":9,"column":null}},"3":{"start":{"line":9,"column":45},"end":{"line":9,"column":68}},"4":{"start":{"line":11,"column":22},"end":{"line":13,"column":null}},"5":{"start":{"line":12,"column":4},"end":{"line":12,"column":null}},"6":{"start":{"line":15,"column":28},"end":{"line":27,"column":null}},"7":{"start":{"line":16,"column":4},"end":{"line":16,"column":null}},"8":{"start":{"line":16,"column":23},"end":{"line":16,"column":null}},"9":{"start":{"line":19,"column":4},"end":{"line":23,"column":null}},"10":{"start":{"line":20,"column":6},"end":{"line":20,"column":null}},"11":{"start":{"line":22,"column":6},"end":{"line":22,"column":null}},"12":{"start":{"line":25,"column":4},"end":{"line":25,"column":null}},"13":{"start":{"line":29,"column":2},"end":{"line":40,"column":null}}},"fnMap":{"0":{"name":"(anonymous_0)","decl":{"start":{"line":7,"column":35},"end":{"line":7,"column":41}},"loc":{"start":{"line":7,"column":41},"end":{"line":42,"column":null}},"line":7},"1":{"name":"(anonymous_1)","decl":{"start":{"line":9,"column":36},"end":{"line":9,"column":37}},"loc":{"start":{"line":9,"column":45},"end":{"line":9,"column":68}},"line":9},"2":{"name":"(anonymous_2)","decl":{"start":{"line":11,"column":22},"end":{"line":11,"column":28}},"loc":{"start":{"line":11,"column":28},"end":{"line":13,"column":null}},"line":11},"3":{"name":"(anonymous_3)","decl":{"start":{"line":15,"column":28},"end":{"line":15,"column":34}},"loc":{"start":{"line":15,"column":34},"end":{"line":27,"column":null}},"line":15}},"branchMap":{"0":{"loc":{"start":{"line":16,"column":4},"end":{"line":16,"column":null}},"type":"if","locations":[{"start":{"line":16,"column":4},"end":{"line":16,"column":null}},{"start":{},"end":{}}],"line":16},"1":{"loc":{"start":{"line":19,"column":4},"end":{"line":23,"column":null}},"type":"if","locations":[{"start":{"line":19,"column":4},"end":{"line":23,"column":null}},{"start":{"line":21,"column":11},"end":{"line":23,"column":null}}],"line":19},"2":{"loc":{"start":{"line":30,"column":39},"end":{"line":30,"column":73}},"type":"cond-expr","locations":[{"start":{"line":30,"column":54},"end":{"line":30,"column":71}},{"start":{"line":30,"column":71},"end":{"line":30,"column":73}}],"line":30},"3":{"loc":{"start":{"line":35,"column":9},"end":{"line":37,"column":null}},"type":"cond-expr","locations":[{"start":{"line":36,"column":12},"end":{"line":36,"column":null}},{"start":{"line":37,"column":12},"end":{"line":37,"column":null}}],"line":35}},"s":{"0":2,"1":8,"2":8,"3":20,"4":8,"5":1,"6":8,"7":1,"8":0,"9":1,"10":0,"11":1,"12":1,"13":8},"f":{"0":8,"1":20,"2":1,"3":1},"b":{"0":[0,1],"1":[0,1],"2":[4,4],"3":[0,8]},"meta":{"lastBranch":4,"lastFunction":4,"lastStatement":14,"seen":{"s:7:35:42:Infinity":0,"f:7:35:7:41":0,"s:8:52:8:Infinity":1,"s:9:23:9:Infinity":2,"f:9:36:9:37":1,"s:9:45:9:68":3,"s:11:22:13:Infinity":4,"f:11:22:11:28":2,"s:12:4:12:Infinity":5,"s:15:28:27:Infinity":6,"f:15:28:15:34":3,"b:16:4:16:Infinity:undefined:undefined:undefined:undefined":0,"s:16:4:16:Infinity":7,"s:16:23:16:Infinity":8,"b:19:4:23:Infinity:21:11:23:Infinity":1,"s:19:4:23:Infinity":9,"s:20:6:20:Infinity":10,"s:22:6:22:Infinity":11,"s:25:4:25:Infinity":12,"s:29:2:40:Infinity":13,"b:30:54:30:71:30:71:30:73":2,"b:36:12:36:Infinity:37:12:37:Infinity":3}}}
,"D:\\Programms\\interactive-workspace\\src\\components\\ObjectItem\\ObjectItem.module.scss": {"path":"D:\\Programms\\interactive-workspace\\src\\components\\ObjectItem\\ObjectItem.module.scss","statementMap":{},"fnMap":{},"branchMap":{},"s":{},"f":{},"b":{},"meta":{"lastBranch":0,"lastFunction":0,"lastStatement":0,"seen":{}}}
,"D:\\Programms\\interactive-workspace\\src\\components\\ObjectItem\\ObjectItem.tsx": {"path":"D:\\Programms\\interactive-workspace\\src\\components\\ObjectItem\\ObjectItem.tsx","statementMap":{"0":{"start":{"line":12,"column":53},"end":{"line":121,"column":null}},"1":{"start":{"line":13,"column":8},"end":{"line":13,"column":null}},"2":{"start":{"line":13,"column":51},"end":{"line":13,"column":77}},"3":{"start":{"line":14,"column":34},"end":{"line":14,"column":null}},"4":{"start":{"line":15,"column":8},"end":{"line":15,"column":null}},"5":{"start":{"line":17,"column":26},"end":{"line":53,"column":null}},"6":{"start":{"line":18,"column":4},"end":{"line":18,"column":null}},"7":{"start":{"line":19,"column":4},"end":{"line":19,"column":null}},"8":{"start":{"line":21,"column":4},"end":{"line":21,"column":null}},"9":{"start":{"line":21,"column":38},"end":{"line":21,"column":null}},"10":{"start":{"line":23,"column":29},"end":{"line":23,"column":null}},"11":{"start":{"line":24,"column":4},"end":{"line":24,"column":null}},"12":{"start":{"line":24,"column":27},"end":{"line":24,"column":null}},"13":{"start":{"line":26,"column":19},"end":{"line":26,"column":null}},"14":{"start":{"line":27,"column":19},"end":{"line":27,"column":null}},"15":{"start":{"line":28,"column":21},"end":{"line":28,"column":null}},"16":{"start":{"line":29,"column":21},"end":{"line":29,"column":null}},"17":{"start":{"line":30,"column":17},"end":{"line":30,"column":null}},"18":{"start":{"line":32,"column":24},"end":{"line":43,"column":null}},"19":{"start":{"line":33,"column":6},"end":{"line":33,"column":null}},"20":{"start":{"line":35,"column":12},"end":{"line":35,"column":null}},"21":{"start":{"line":36,"column":12},"end":{"line":36,"column":null}},"22":{"start":{"line":38,"column":19},"end":{"line":38,"column":null}},"23":{"start":{"line":39,"column":19},"end":{"line":39,"column":null}},"24":{"start":{"line":41,"column":6},"end":{"line":41,"column":null}},"25":{"start":{"line":42,"column":6},"end":{"line":42,"column":null}},"26":{"start":{"line":45,"column":22},"end":{"line":49,"column":null}},"27":{"start":{"line":46,"column":6},"end":{"line":46,"column":null}},"28":{"start":{"line":47,"column":6},"end":{"line":47,"column":null}},"29":{"start":{"line":48,"column":6},"end":{"line":48,"column":null}},"30":{"start":{"line":48,"column":23},"end":{"line":48,"column":45}},"31":{"start":{"line":51,"column":4},"end":{"line":51,"column":null}},"32":{"start":{"line":52,"column":4},"end":{"line":52,"column":null}},"33":{"start":{"line":55,"column":27},"end":{"line":89,"column":null}},"34":{"start":{"line":56,"column":4},"end":{"line":56,"column":null}},"35":{"start":{"line":58,"column":4},"end":{"line":58,"column":null}},"36":{"start":{"line":58,"column":38},"end":{"line":58,"column":null}},"37":{"start":{"line":60,"column":29},"end":{"line":60,"column":null}},"38":{"start":{"line":61,"column":4},"end":{"line":61,"column":null}},"39":{"start":{"line":61,"column":27},"end":{"line":61,"column":null}},"40":{"start":{"line":63,"column":18},"end":{"line":63,"column":null}},"41":{"start":{"line":64,"column":19},"end":{"line":64,"column":null}},"42":{"start":{"line":65,"column":19},"end":{"line":65,"column":null}},"43":{"start":{"line":66,"column":21},"end":{"line":66,"column":null}},"44":{"start":{"line":67,"column":21},"end":{"line":67,"column":null}},"45":{"start":{"line":68,"column":17},"end":{"line":68,"column":null}},"46":{"start":{"line":70,"column":24},"end":{"line":79,"column":null}},"47":{"start":{"line":71,"column":6},"end":{"line":71,"column":null}},"48":{"start":{"line":72,"column":24},"end":{"line":72,"column":null}},"49":{"start":{"line":73,"column":12},"end":{"line":73,"column":null}},"50":{"start":{"line":74,"column":12},"end":{"line":74,"column":null}},"51":{"start":{"line":75,"column":19},"end":{"line":75,"column":null}},"52":{"start":{"line":76,"column":19},"end":{"line":76,"column":null}},"53":{"start":{"line":77,"column":6},"end":{"line":77,"column":null}},"54":{"start":{"line":78,"column":6},"end":{"line":78,"column":null}},"55":{"start":{"line":81,"column":23},"end":{"line":85,"column":null}},"56":{"start":{"line":82,"column":6},"end":{"line":82,"column":null}},"57":{"start":{"line":83,"column":6},"end":{"line":83,"column":null}},"58":{"start":{"line":84,"column":6},"end":{"line":84,"column":null}},"59":{"start":{"line":84,"column":23},"end":{"line":84,"column":45}},"60":{"start":{"line":87,"column":4},"end":{"line":87,"column":null}},"61":{"start":{"line":88,"column":4},"end":{"line":88,"column":null}},"62":{"start":{"line":91,"column":22},"end":{"line":96,"column":null}},"63":{"start":{"line":93,"column":4},"end":{"line":95,"column":null}},"64":{"start":{"line":94,"column":6},"end":{"line":94,"column":null}},"65":{"start":{"line":98,"column":22},"end":{"line":102,"column":null}},"66":{"start":{"line":104,"column":2},"end":{"line":119,"column":null}}},"fnMap":{"0":{"name":"(anonymous_0)","decl":{"start":{"line":12,"column":53},"end":{"line":12,"column":54}},"loc":{"start":{"line":12,"column":78},"end":{"line":121,"column":null}},"line":12},"1":{"name":"(anonymous_1)","decl":{"start":{"line":13,"column":40},"end":{"line":13,"column":41}},"loc":{"start":{"line":13,"column":51},"end":{"line":13,"column":77}},"line":13},"2":{"name":"(anonymous_2)","decl":{"start":{"line":17,"column":26},"end":{"line":17,"column":27}},"loc":{"start":{"line":17,"column":51},"end":{"line":53,"column":null}},"line":17},"3":{"name":"(anonymous_3)","decl":{"start":{"line":32,"column":24},"end":{"line":32,"column":25}},"loc":{"start":{"line":32,"column":51},"end":{"line":43,"column":null}},"line":32},"4":{"name":"(anonymous_4)","decl":{"start":{"line":45,"column":22},"end":{"line":45,"column":28}},"loc":{"start":{"line":45,"column":28},"end":{"line":49,"column":null}},"line":45},"5":{"name":"(anonymous_5)","decl":{"start":{"line":48,"column":17},"end":{"line":48,"column":23}},"loc":{"start":{"line":48,"column":23},"end":{"line":48,"column":45}},"line":48},"6":{"name":"(anonymous_6)","decl":{"start":{"line":55,"column":27},"end":{"line":55,"column":28}},"loc":{"start":{"line":55,"column":52},"end":{"line":89,"column":null}},"line":55},"7":{"name":"(anonymous_7)","decl":{"start":{"line":70,"column":24},"end":{"line":70,"column":25}},"loc":{"start":{"line":70,"column":51},"end":{"line":79,"column":null}},"line":70},"8":{"name":"(anonymous_8)","decl":{"start":{"line":81,"column":23},"end":{"line":81,"column":29}},"loc":{"start":{"line":81,"column":29},"end":{"line":85,"column":null}},"line":81},"9":{"name":"(anonymous_9)","decl":{"start":{"line":84,"column":17},"end":{"line":84,"column":23}},"loc":{"start":{"line":84,"column":23},"end":{"line":84,"column":45}},"line":84},"10":{"name":"(anonymous_10)","decl":{"start":{"line":91,"column":22},"end":{"line":91,"column":28}},"loc":{"start":{"line":91,"column":28},"end":{"line":96,"column":null}},"line":91}},"branchMap":{"0":{"loc":{"start":{"line":21,"column":4},"end":{"line":21,"column":null}},"type":"if","locations":[{"start":{"line":21,"column":4},"end":{"line":21,"column":null}},{"start":{},"end":{}}],"line":21},"1":{"loc":{"start":{"line":24,"column":4},"end":{"line":24,"column":null}},"type":"if","locations":[{"start":{"line":24,"column":4},"end":{"line":24,"column":null}},{"start":{},"end":{}}],"line":24},"2":{"loc":{"start":{"line":58,"column":4},"end":{"line":58,"column":null}},"type":"if","locations":[{"start":{"line":58,"column":4},"end":{"line":58,"column":null}},{"start":{},"end":{}}],"line":58},"3":{"loc":{"start":{"line":61,"column":4},"end":{"line":61,"column":null}},"type":"if","locations":[{"start":{"line":61,"column":4},"end":{"line":61,"column":null}},{"start":{},"end":{}}],"line":61},"4":{"loc":{"start":{"line":93,"column":4},"end":{"line":95,"column":null}},"type":"if","locations":[{"start":{"line":93,"column":4},"end":{"line":95,"column":null}},{"start":{},"end":{}}],"line":93},"5":{"loc":{"start":{"line":93,"column":8},"end":{"line":93,"column":53}},"type":"binary-expr","locations":[{"start":{"line":93,"column":8},"end":{"line":93,"column":23}},{"start":{"line":93,"column":23},"end":{"line":93,"column":53}}],"line":93},"6":{"loc":{"start":{"line":101,"column":4},"end":{"line":101,"column":null}},"type":"cond-expr","locations":[{"start":{"line":101,"column":33},"end":{"line":101,"column":51}},{"start":{"line":101,"column":51},"end":{"line":101,"column":null}}],"line":101},"7":{"loc":{"start":{"line":111,"column":16},"end":{"line":111,"column":null}},"type":"cond-expr","locations":[{"start":{"line":111,"column":47},"end":{"line":111,"column":59}},{"start":{"line":111,"column":59},"end":{"line":111,"column":null}}],"line":111}},"s":{"0":3,"1":39,"2":29,"3":39,"4":39,"5":39,"6":8,"7":8,"8":8,"9":2,"10":6,"11":8,"12":0,"13":6,"14":6,"15":6,"16":6,"17":6,"18":6,"19":3,"20":3,"21":3,"22":3,"23":3,"24":3,"25":3,"26":6,"27":6,"28":6,"29":6,"30":6,"31":6,"32":6,"33":39,"34":0,"35":0,"36":0,"37":0,"38":0,"39":0,"40":0,"41":0,"42":0,"43":0,"44":0,"45":0,"46":0,"47":0,"48":0,"49":0,"50":0,"51":0,"52":0,"53":0,"54":0,"55":0,"56":0,"57":0,"58":0,"59":0,"60":0,"61":0,"62":39,"63":8,"64":3,"65":39,"66":39},"f":{"0":39,"1":29,"2":8,"3":3,"4":6,"5":6,"6":0,"7":0,"8":0,"9":0,"10":8},"b":{"0":[2,6],"1":[0,8],"2":[0,0],"3":[0,0],"4":[3,5],"5":[8,5],"6":[0,39],"7":[7,32]},"meta":{"lastBranch":8,"lastFunction":11,"lastStatement":67,"seen":{"s:12:53:121:Infinity":0,"f:12:53:12:54":0,"s:13:8:13:Infinity":1,"f:13:40:13:41":1,"s:13:51:13:77":2,"s:14:34:14:Infinity":3,"s:15:8:15:Infinity":4,"s:17:26:53:Infinity":5,"f:17:26:17:27":2,"s:18:4:18:Infinity":6,"s:19:4:19:Infinity":7,"b:21:4:21:Infinity:undefined:undefined:undefined:undefined":0,"s:21:4:21:Infinity":8,"s:21:38:21:Infinity":9,"s:23:29:23:Infinity":10,"b:24:4:24:Infinity:undefined:undefined:undefined:undefined":1,"s:24:4:24:Infinity":11,"s:24:27:24:Infinity":12,"s:26:19:26:Infinity":13,"s:27:19:27:Infinity":14,"s:28:21:28:Infinity":15,"s:29:21:29:Infinity":16,"s:30:17:30:Infinity":17,"s:32:24:43:Infinity":18,"f:32:24:32:25":3,"s:33:6:33:Infinity":19,"s:35:12:35:Infinity":20,"s:36:12:36:Infinity":21,"s:38:19:38:Infinity":22,"s:39:19:39:Infinity":23,"s:41:6:41:Infinity":24,"s:42:6:42:Infinity":25,"s:45:22:49:Infinity":26,"f:45:22:45:28":4,"s:46:6:46:Infinity":27,"s:47:6:47:Infinity":28,"s:48:6:48:Infinity":29,"f:48:17:48:23":5,"s:48:23:48:45":30,"s:51:4:51:Infinity":31,"s:52:4:52:Infinity":32,"s:55:27:89:Infinity":33,"f:55:27:55:28":6,"s:56:4:56:Infinity":34,"b:58:4:58:Infinity:undefined:undefined:undefined:undefined":2,"s:58:4:58:Infinity":35,"s:58:38:58:Infinity":36,"s:60:29:60:Infinity":37,"b:61:4:61:Infinity:undefined:undefined:undefined:undefined":3,"s:61:4:61:Infinity":38,"s:61:27:61:Infinity":39,"s:63:18:63:Infinity":40,"s:64:19:64:Infinity":41,"s:65:19:65:Infinity":42,"s:66:21:66:Infinity":43,"s:67:21:67:Infinity":44,"s:68:17:68:Infinity":45,"s:70:24:79:Infinity":46,"f:70:24:70:25":7,"s:71:6:71:Infinity":47,"s:72:24:72:Infinity":48,"s:73:12:73:Infinity":49,"s:74:12:74:Infinity":50,"s:75:19:75:Infinity":51,"s:76:19:76:Infinity":52,"s:77:6:77:Infinity":53,"s:78:6:78:Infinity":54,"s:81:23:85:Infinity":55,"f:81:23:81:29":8,"s:82:6:82:Infinity":56,"s:83:6:83:Infinity":57,"s:84:6:84:Infinity":58,"f:84:17:84:23":9,"s:84:23:84:45":59,"s:87:4:87:Infinity":60,"s:88:4:88:Infinity":61,"s:91:22:96:Infinity":62,"f:91:22:91:28":10,"b:93:4:95:Infinity:undefined:undefined:undefined:undefined":4,"s:93:4:95:Infinity":63,"b:93:8:93:23:93:23:93:53":5,"s:94:6:94:Infinity":64,"s:98:22:102:Infinity":65,"b:101:33:101:51:101:51:101:Infinity":6,"s:104:2:119:Infinity":66,"b:111:47:111:59:111:59:111:Infinity":7}}}
,"D:\\Programms\\interactive-workspace\\src\\components\\UI\\Button\\Button.module.scss": {"path":"D:\\Programms\\interactive-workspace\\src\\components\\UI\\Button\\Button.module.scss","statementMap":{},"fnMap":{},"branchMap":{},"s":{},"f":{},"b":{},"meta":{"lastBranch":0,"lastFunction":0,"lastStatement":0,"seen":{}}}
,"D:\\Programms\\interactive-workspace\\src\\components\\UI\\Button\\Button.tsx": {"path":"D:\\Programms\\interactive-workspace\\src\\components\\UI\\Button\\Button.tsx","statementMap":{"0":{"start":{"line":8,"column":45},"end":{"line":14,"column":null}},"1":{"start":{"line":9,"column":2},"end":{"line":12,"column":null}}},"fnMap":{"0":{"name":"(anonymous_0)","decl":{"start":{"line":8,"column":45},"end":{"line":8,"column":46}},"loc":{"start":{"line":8,"column":73},"end":{"line":14,"column":null}},"line":8}},"branchMap":{},"s":{"0":3,"1":19},"f":{"0":19},"b":{},"meta":{"lastBranch":0,"lastFunction":1,"lastStatement":2,"seen":{"s:8:45:14:Infinity":0,"f:8:45:8:46":0,"s:9:2:12:Infinity":1}}}
,"D:\\Programms\\interactive-workspace\\src\\components\\Workspace\\Workspace.module.scss": {"path":"D:\\Programms\\interactive-workspace\\src\\components\\Workspace\\Workspace.module.scss","statementMap":{},"fnMap":{},"branchMap":{},"s":{},"f":{},"b":{},"meta":{"lastBranch":0,"lastFunction":0,"lastStatement":0,"seen":{}}}
,"D:\\Programms\\interactive-workspace\\src\\components\\Workspace\\Workspace.tsx": {"path":"D:\\Programms\\interactive-workspace\\src\\components\\Workspace\\Workspace.tsx","statementMap":{"0":{"start":{"line":7,"column":35},"end":{"line":28,"column":null}},"1":{"start":{"line":8,"column":32},"end":{"line":8,"column":null}},"2":{"start":{"line":9,"column":8},"end":{"line":9,"column":null}},"3":{"start":{"line":11,"column":28},"end":{"line":13,"column":null}},"4":{"start":{"line":12,"column":4},"end":{"line":12,"column":null}},"5":{"start":{"line":15,"column":2},"end":{"line":26,"column":null}},"6":{"start":{"line":19,"column":10},"end":{"line":23,"column":null}},"7":{"start":{"line":22,"column":27},"end":{"line":22,"column":null}}},"fnMap":{"0":{"name":"(anonymous_0)","decl":{"start":{"line":7,"column":35},"end":{"line":7,"column":41}},"loc":{"start":{"line":7,"column":41},"end":{"line":28,"column":null}},"line":7},"1":{"name":"(anonymous_1)","decl":{"start":{"line":11,"column":28},"end":{"line":11,"column":29}},"loc":{"start":{"line":11,"column":44},"end":{"line":13,"column":null}},"line":11},"2":{"name":"(anonymous_2)","decl":{"start":{"line":18,"column":21},"end":{"line":18,"column":22}},"loc":{"start":{"line":19,"column":10},"end":{"line":23,"column":null}},"line":19},"3":{"name":"(anonymous_3)","decl":{"start":{"line":22,"column":21},"end":{"line":22,"column":27}},"loc":{"start":{"line":22,"column":27},"end":{"line":22,"column":null}},"line":22}},"branchMap":{},"s":{"0":2,"1":5,"2":5,"3":5,"4":1,"5":5,"6":25,"7":1},"f":{"0":5,"1":1,"2":25,"3":1},"b":{},"meta":{"lastBranch":0,"lastFunction":4,"lastStatement":8,"seen":{"s:7:35:28:Infinity":0,"f:7:35:7:41":0,"s:8:32:8:Infinity":1,"s:9:8:9:Infinity":2,"s:11:28:13:Infinity":3,"f:11:28:11:29":1,"s:12:4:12:Infinity":4,"s:15:2:26:Infinity":5,"f:18:21:18:22":2,"s:19:10:23:Infinity":6,"f:22:21:22:27":3,"s:22:27:22:Infinity":7}}}
,"D:\\Programms\\interactive-workspace\\src\\context\\WorkspaceContext.ts": {"path":"D:\\Programms\\interactive-workspace\\src\\context\\WorkspaceContext.ts","statementMap":{"0":{"start":{"line":8,"column":13},"end":{"line":8,"column":null}}},"fnMap":{},"branchMap":{},"s":{"0":3},"f":{},"b":{},"meta":{"lastBranch":0,"lastFunction":0,"lastStatement":1,"seen":{"s:8:13:8:Infinity":0}}}
,"D:\\Programms\\interactive-workspace\\src\\data\\mockObjects.ts": {"path":"D:\\Programms\\interactive-workspace\\src\\data\\mockObjects.ts","statementMap":{"0":{"start":{"line":3,"column":46},"end":{"line":9,"column":null}}},"fnMap":{},"branchMap":{},"s":{"0":3},"f":{},"b":{},"meta":{"lastBranch":0,"lastFunction":0,"lastStatement":1,"seen":{"s:3:46:9:Infinity":0}}}
,"D:\\Programms\\interactive-workspace\\src\\store\\useStore.ts": {"path":"D:\\Programms\\interactive-workspace\\src\\store\\useStore.ts","statementMap":{"0":{"start":{"line":7,"column":6},"end":{"line":7,"column":null}},"1":{"start":{"line":9,"column":13},"end":{"line":68,"column":null}},"2":{"start":{"line":9,"column":48},"end":{"line":68,"column":2}},"3":{"start":{"line":12,"column":22},"end":{"line":12,"column":null}},"4":{"start":{"line":15,"column":4},"end":{"line":44,"column":null}},"5":{"start":{"line":16,"column":6},"end":{"line":22,"column":null}},"6":{"start":{"line":17,"column":8},"end":{"line":21,"column":null}},"7":{"start":{"line":19,"column":12},"end":{"line":19,"column":null}},"8":{"start":{"line":23,"column":21},"end":{"line":23,"column":null}},"9":{"start":{"line":23,"column":49},"end":{"line":23,"column":62}},"10":{"start":{"line":24,"column":6},"end":{"line":24,"column":null}},"11":{"start":{"line":24,"column":19},"end":{"line":24,"column":null}},"12":{"start":{"line":25,"column":6},"end":{"line":25,"column":null}},"13":{"start":{"line":25,"column":40},"end":{"line":25,"column":null}},"14":{"start":{"line":26,"column":6},"end":{"line":32,"column":null}},"15":{"start":{"line":27,"column":8},"end":{"line":31,"column":null}},"16":{"start":{"line":29,"column":12},"end":{"line":29,"column":null}},"17":{"start":{"line":33,"column":6},"end":{"line":43,"column":null}},"18":{"start":{"line":35,"column":10},"end":{"line":37,"column":null}},"19":{"start":{"line":36,"column":12},"end":{"line":36,"column":null}},"20":{"start":{"line":38,"column":10},"end":{"line":40,"column":null}},"21":{"start":{"line":39,"column":12},"end":{"line":39,"column":null}},"22":{"start":{"line":41,"column":10},"end":{"line":41,"column":null}},"23":{"start":{"line":47,"column":4},"end":{"line":51,"column":null}},"24":{"start":{"line":47,"column":20},"end":{"line":51,"column":6}},"25":{"start":{"line":49,"column":8},"end":{"line":49,"column":null}},"26":{"start":{"line":54,"column":4},"end":{"line":58,"column":null}},"27":{"start":{"line":54,"column":20},"end":{"line":58,"column":6}},"28":{"start":{"line":56,"column":8},"end":{"line":56,"column":null}},"29":{"start":{"line":61,"column":4},"end":{"line":67,"column":null}},"30":{"start":{"line":61,"column":20},"end":{"line":67,"column":6}},"31":{"start":{"line":62,"column":43},"end":{"line":66,"column":8}}},"fnMap":{"0":{"name":"(anonymous_0)","decl":{"start":{"line":9,"column":38},"end":{"line":9,"column":39}},"loc":{"start":{"line":9,"column":48},"end":{"line":68,"column":2}},"line":9},"1":{"name":"(anonymous_1)","decl":{"start":{"line":12,"column":16},"end":{"line":12,"column":22}},"loc":{"start":{"line":12,"column":22},"end":{"line":12,"column":null}},"line":12},"2":{"name":"(anonymous_2)","decl":{"start":{"line":14,"column":16},"end":{"line":14,"column":17}},"loc":{"start":{"line":15,"column":4},"end":{"line":44,"column":null}},"line":15},"3":{"name":"(anonymous_3)","decl":{"start":{"line":15,"column":8},"end":{"line":15,"column":9}},"loc":{"start":{"line":15,"column":19},"end":{"line":44,"column":5}},"line":15},"4":{"name":"(anonymous_4)","decl":{"start":{"line":18,"column":37},"end":{"line":18,"column":38}},"loc":{"start":{"line":19,"column":12},"end":{"line":19,"column":null}},"line":19},"5":{"name":"(anonymous_5)","decl":{"start":{"line":23,"column":40},"end":{"line":23,"column":41}},"loc":{"start":{"line":23,"column":49},"end":{"line":23,"column":62}},"line":23},"6":{"name":"(anonymous_6)","decl":{"start":{"line":28,"column":37},"end":{"line":28,"column":38}},"loc":{"start":{"line":29,"column":12},"end":{"line":29,"column":null}},"line":29},"7":{"name":"(anonymous_7)","decl":{"start":{"line":34,"column":35},"end":{"line":34,"column":36}},"loc":{"start":{"line":34,"column":44},"end":{"line":42,"column":9}},"line":34},"8":{"name":"(anonymous_8)","decl":{"start":{"line":46,"column":22},"end":{"line":46,"column":23}},"loc":{"start":{"line":47,"column":4},"end":{"line":51,"column":null}},"line":47},"9":{"name":"(anonymous_9)","decl":{"start":{"line":47,"column":8},"end":{"line":47,"column":9}},"loc":{"start":{"line":47,"column":20},"end":{"line":51,"column":6}},"line":47},"10":{"name":"(anonymous_10)","decl":{"start":{"line":48,"column":33},"end":{"line":48,"column":34}},"loc":{"start":{"line":49,"column":8},"end":{"line":49,"column":null}},"line":49},"11":{"name":"(anonymous_11)","decl":{"start":{"line":53,"column":24},"end":{"line":53,"column":25}},"loc":{"start":{"line":54,"column":4},"end":{"line":58,"column":null}},"line":54},"12":{"name":"(anonymous_12)","decl":{"start":{"line":54,"column":8},"end":{"line":54,"column":9}},"loc":{"start":{"line":54,"column":20},"end":{"line":58,"column":6}},"line":54},"13":{"name":"(anonymous_13)","decl":{"start":{"line":55,"column":33},"end":{"line":55,"column":34}},"loc":{"start":{"line":56,"column":8},"end":{"line":56,"column":null}},"line":56},"14":{"name":"(anonymous_14)","decl":{"start":{"line":60,"column":22},"end":{"line":60,"column":null}},"loc":{"start":{"line":61,"column":4},"end":{"line":67,"column":null}},"line":61},"15":{"name":"(anonymous_15)","decl":{"start":{"line":61,"column":8},"end":{"line":61,"column":9}},"loc":{"start":{"line":61,"column":20},"end":{"line":67,"column":6}},"line":61},"16":{"name":"(anonymous_16)","decl":{"start":{"line":62,"column":33},"end":{"line":62,"column":34}},"loc":{"start":{"line":62,"column":43},"end":{"line":66,"column":8}},"line":62}},"branchMap":{"0":{"loc":{"start":{"line":7,"column":6},"end":{"line":7,"column":null}},"type":"binary-expr","locations":[{"start":{"line":7,"column":6},"end":{"line":7,"column":51}},{"start":{"line":7,"column":51},"end":{"line":7,"column":null}}],"line":7},"1":{"loc":{"start":{"line":16,"column":6},"end":{"line":22,"column":null}},"type":"if","locations":[{"start":{"line":16,"column":6},"end":{"line":22,"column":null}},{"start":{},"end":{}}],"line":16},"2":{"loc":{"start":{"line":19,"column":12},"end":{"line":19,"column":null}},"type":"cond-expr","locations":[{"start":{"line":19,"column":38},"end":{"line":19,"column":71}},{"start":{"line":19,"column":71},"end":{"line":19,"column":null}}],"line":19},"3":{"loc":{"start":{"line":24,"column":6},"end":{"line":24,"column":null}},"type":"if","locations":[{"start":{"line":24,"column":6},"end":{"line":24,"column":null}},{"start":{},"end":{}}],"line":24},"4":{"loc":{"start":{"line":25,"column":6},"end":{"line":25,"column":null}},"type":"if","locations":[{"start":{"line":25,"column":6},"end":{"line":25,"column":null}},{"start":{},"end":{}}],"line":25},"5":{"loc":{"start":{"line":26,"column":6},"end":{"line":32,"column":null}},"type":"if","locations":[{"start":{"line":26,"column":6},"end":{"line":32,"column":null}},{"start":{},"end":{}}],"line":26},"6":{"loc":{"start":{"line":29,"column":12},"end":{"line":29,"column":null}},"type":"cond-expr","locations":[{"start":{"line":29,"column":28},"end":{"line":29,"column":61}},{"start":{"line":29,"column":61},"end":{"line":29,"column":null}}],"line":29},"7":{"loc":{"start":{"line":35,"column":10},"end":{"line":37,"column":null}},"type":"if","locations":[{"start":{"line":35,"column":10},"end":{"line":37,"column":null}},{"start":{},"end":{}}],"line":35},"8":{"loc":{"start":{"line":38,"column":10},"end":{"line":40,"column":null}},"type":"if","locations":[{"start":{"line":38,"column":10},"end":{"line":40,"column":null}},{"start":{},"end":{}}],"line":38},"9":{"loc":{"start":{"line":49,"column":8},"end":{"line":49,"column":null}},"type":"cond-expr","locations":[{"start":{"line":49,"column":24},"end":{"line":49,"column":56}},{"start":{"line":49,"column":56},"end":{"line":49,"column":null}}],"line":49},"10":{"loc":{"start":{"line":56,"column":8},"end":{"line":56,"column":null}},"type":"cond-expr","locations":[{"start":{"line":56,"column":24},"end":{"line":56,"column":43}},{"start":{"line":56,"column":43},"end":{"line":56,"column":null}}],"line":56}},"s":{"0":1,"1":1,"2":1,"3":1,"4":4,"5":4,"6":0,"7":0,"8":4,"9":6,"10":4,"11":0,"12":4,"13":1,"14":3,"15":1,"16":5,"17":2,"18":10,"19":0,"20":10,"21":2,"22":8,"23":1,"24":1,"25":5,"26":2,"27":2,"28":10,"29":1,"30":1,"31":5},"f":{"0":1,"1":1,"2":4,"3":4,"4":0,"5":6,"6":5,"7":10,"8":1,"9":1,"10":5,"11":2,"12":2,"13":10,"14":1,"15":1,"16":5},"b":{"0":[1,1],"1":[0,4],"2":[0,0],"3":[0,4],"4":[1,3],"5":[1,2],"6":[1,4],"7":[0,10],"8":[2,8],"9":[1,4],"10":[2,8]},"meta":{"lastBranch":11,"lastFunction":17,"lastStatement":32,"seen":{"s:7:6:7:Infinity":0,"b:7:6:7:51:7:51:7:Infinity":0,"s:9:13:68:Infinity":1,"f:9:38:9:39":0,"s:9:48:68:2":2,"f:12:16:12:22":1,"s:12:22:12:Infinity":3,"f:14:16:14:17":2,"s:15:4:44:Infinity":4,"f:15:8:15:9":3,"b:16:6:22:Infinity:undefined:undefined:undefined:undefined":1,"s:16:6:22:Infinity":5,"s:17:8:21:Infinity":6,"f:18:37:18:38":4,"s:19:12:19:Infinity":7,"b:19:38:19:71:19:71:19:Infinity":2,"s:23:21:23:Infinity":8,"f:23:40:23:41":5,"s:23:49:23:62":9,"b:24:6:24:Infinity:undefined:undefined:undefined:undefined":3,"s:24:6:24:Infinity":10,"s:24:19:24:Infinity":11,"b:25:6:25:Infinity:undefined:undefined:undefined:undefined":4,"s:25:6:25:Infinity":12,"s:25:40:25:Infinity":13,"b:26:6:32:Infinity:undefined:undefined:undefined:undefined":5,"s:26:6:32:Infinity":14,"s:27:8:31:Infinity":15,"f:28:37:28:38":6,"s:29:12:29:Infinity":16,"b:29:28:29:61:29:61:29:Infinity":6,"s:33:6:43:Infinity":17,"f:34:35:34:36":7,"b:35:10:37:Infinity:undefined:undefined:undefined:undefined":7,"s:35:10:37:Infinity":18,"s:36:12:36:Infinity":19,"b:38:10:40:Infinity:undefined:undefined:undefined:undefined":8,"s:38:10:40:Infinity":20,"s:39:12:39:Infinity":21,"s:41:10:41:Infinity":22,"f:46:22:46:23":8,"s:47:4:51:Infinity":23,"f:47:8:47:9":9,"s:47:20:51:6":24,"f:48:33:48:34":10,"s:49:8:49:Infinity":25,"b:49:24:49:56:49:56:49:Infinity":9,"f:53:24:53:25":11,"s:54:4:58:Infinity":26,"f:54:8:54:9":12,"s:54:20:58:6":27,"f:55:33:55:34":13,"s:56:8:56:Infinity":28,"b:56:24:56:43:56:43:56:Infinity":10,"f:60:22:60:Infinity":14,"s:61:4:67:Infinity":29,"f:61:8:61:9":15,"s:61:20:67:6":30,"f:62:33:62:34":16,"s:62:43:66:8":31}}}
,"D:\\Programms\\interactive-workspace\\src\\utils\\storage.ts": {"path":"D:\\Programms\\interactive-workspace\\src\\utils\\storage.ts","statementMap":{"0":{"start":{"line":3,"column":20},"end":{"line":3,"column":null}},"1":{"start":{"line":5,"column":38},"end":{"line":15,"column":null}},"2":{"start":{"line":6,"column":2},"end":{"line":13,"column":null}},"3":{"start":{"line":7,"column":19},"end":{"line":7,"column":null}},"4":{"start":{"line":8,"column":4},"end":{"line":10,"column":null}},"5":{"start":{"line":9,"column":6},"end":{"line":9,"column":null}},"6":{"start":{"line":12,"column":4},"end":{"line":12,"column":null}},"7":{"start":{"line":14,"column":2},"end":{"line":14,"column":null}},"8":{"start":{"line":17,"column":36},"end":{"line":23,"column":null}},"9":{"start":{"line":18,"column":2},"end":{"line":22,"column":null}},"10":{"start":{"line":19,"column":4},"end":{"line":19,"column":null}},"11":{"start":{"line":21,"column":4},"end":{"line":21,"column":null}}},"fnMap":{"0":{"name":"(anonymous_0)","decl":{"start":{"line":5,"column":38},"end":{"line":5,"column":70}},"loc":{"start":{"line":5,"column":70},"end":{"line":15,"column":null}},"line":5},"1":{"name":"(anonymous_1)","decl":{"start":{"line":17,"column":36},"end":{"line":17,"column":37}},"loc":{"start":{"line":17,"column":68},"end":{"line":23,"column":null}},"line":17}},"branchMap":{"0":{"loc":{"start":{"line":8,"column":4},"end":{"line":10,"column":null}},"type":"if","locations":[{"start":{"line":8,"column":4},"end":{"line":10,"column":null}},{"start":{},"end":{}}],"line":8}},"s":{"0":3,"1":3,"2":4,"3":4,"4":4,"5":2,"6":1,"7":3,"8":3,"9":4,"10":4,"11":0},"f":{"0":4,"1":4},"b":{"0":[2,2]},"meta":{"lastBranch":1,"lastFunction":2,"lastStatement":12,"seen":{"s:3:20:3:Infinity":0,"s:5:38:15:Infinity":1,"f:5:38:5:70":0,"s:6:2:13:Infinity":2,"s:7:19:7:Infinity":3,"b:8:4:10:Infinity:undefined:undefined:undefined:undefined":0,"s:8:4:10:Infinity":4,"s:9:6:9:Infinity":5,"s:12:4:12:Infinity":6,"s:14:2:14:Infinity":7,"s:17:36:23:Infinity":8,"f:17:36:17:37":1,"s:18:2:22:Infinity":9,"s:19:4:19:Infinity":10,"s:21:4:21:Infinity":11}}}
}
